[debug] [2024-06-05T18:48:50.754Z] ----------------------------------------------------------------------
[debug] [2024-06-05T18:48:50.756Z] Command:       C:\Program Files\nodejs\node.exe C:\Users\PC\AppData\Roaming\npm\node_modules\firebase-tools\lib\bin\firebase.js deploy
[debug] [2024-06-05T18:48:50.757Z] CLI Version:   13.11.0
[debug] [2024-06-05T18:48:50.757Z] Platform:      win32
[debug] [2024-06-05T18:48:50.757Z] Node Version:  v20.11.0
[debug] [2024-06-05T18:48:50.757Z] Time:          Wed Jun 05 2024 22:48:50 GMT+0400 (საქართველოს სტანდარტული დრო)
[debug] [2024-06-05T18:48:50.757Z] ----------------------------------------------------------------------
[debug] 
[debug] [2024-06-05T18:48:50.828Z] > command requires scopes: ["email","openid","https://www.googleapis.com/auth/cloudplatformprojects.readonly","https://www.googleapis.com/auth/firebase","https://www.googleapis.com/auth/cloud-platform"]
[debug] [2024-06-05T18:48:50.828Z] > authorizing via signed-in user (mukbanianigiviko21@gmail.com)
[debug] [2024-06-05T18:48:50.832Z] [iam] checking project lukagiviko for permissions ["firebase.projects.get","firebasehosting.sites.update"]
[debug] [2024-06-05T18:48:50.834Z] >>> [apiv2][query] POST https://cloudresourcemanager.googleapis.com/v1/projects/lukagiviko:testIamPermissions [none]
[debug] [2024-06-05T18:48:50.834Z] >>> [apiv2][(partial)header] POST https://cloudresourcemanager.googleapis.com/v1/projects/lukagiviko:testIamPermissions x-goog-quota-user=projects/lukagiviko
[debug] [2024-06-05T18:48:50.834Z] >>> [apiv2][body] POST https://cloudresourcemanager.googleapis.com/v1/projects/lukagiviko:testIamPermissions {"permissions":["firebase.projects.get","firebasehosting.sites.update"]}
[debug] [2024-06-05T18:48:52.183Z] <<< [apiv2][status] POST https://cloudresourcemanager.googleapis.com/v1/projects/lukagiviko:testIamPermissions 200
[debug] [2024-06-05T18:48:52.183Z] <<< [apiv2][body] POST https://cloudresourcemanager.googleapis.com/v1/projects/lukagiviko:testIamPermissions {}
[debug] [2024-06-05T18:48:52.183Z] [iam] error while checking permissions, command may fail: FirebaseError: Authorization failed. This account is missing the following required permissions on project lukagiviko:

  firebase.projects.get
  firebasehosting.sites.update
[debug] [2024-06-05T18:48:52.184Z] >>> [apiv2][query] GET https://firebase.googleapis.com/v1beta1/projects/lukagiviko [none]
[debug] [2024-06-05T18:48:52.681Z] <<< [apiv2][status] GET https://firebase.googleapis.com/v1beta1/projects/lukagiviko 403
[debug] [2024-06-05T18:48:52.681Z] <<< [apiv2][body] GET https://firebase.googleapis.com/v1beta1/projects/lukagiviko {"error":{"code":403,"message":"The caller does not have permission","status":"PERMISSION_DENIED"}}
[debug] [2024-06-05T18:48:52.682Z] HTTP Error: 403, The caller does not have permission
[debug] [2024-06-05T18:48:52.683Z] Specified "public" directory "dist/giviluka/browser" does not exist; Deploy to Hosting site "" may fail or be empty.
[error] 
[error] Error: Assertion failed: resolving hosting target of a site with no site name or target name. This should have caused an error earlier
